c:\users\pos\source\repos\oop\lab4\lab4\debug\vc140.pdb
c:\users\pos\source\repos\oop\lab4\lab4\debug\vc140.idb
c:\users\pos\source\repos\oop\lab4\lab4\debug\pentagon.obj
c:\users\pos\source\repos\oop\lab4\lab4\debug\rhombus.obj
c:\users\pos\source\repos\oop\lab4\lab4\debug\source.obj
c:\users\pos\source\repos\oop\lab4\lab4\debug\tqueue.obj
c:\users\pos\source\repos\oop\lab4\lab4\debug\tqueueitem.obj
c:\users\pos\source\repos\oop\lab4\lab4\debug\trapeze.obj
c:\users\pos\source\repos\oop\lab4\debug\lab4.pdb
c:\users\pos\source\repos\oop\lab4\lab4\debug\lab4.tlog\cl.command.1.tlog
c:\users\pos\source\repos\oop\lab4\lab4\debug\lab4.tlog\cl.read.1.tlog
c:\users\pos\source\repos\oop\lab4\lab4\debug\lab4.tlog\cl.write.1.tlog
c:\users\pos\source\repos\oop\lab4\lab4\debug\lab4.tlog\link.3420-cvtres.read.1.tlog
c:\users\pos\source\repos\oop\lab4\lab4\debug\lab4.tlog\link.3420-cvtres.write.1.tlog
c:\users\pos\source\repos\oop\lab4\lab4\debug\lab4.tlog\link.3420-rc.read.1.tlog
c:\users\pos\source\repos\oop\lab4\lab4\debug\lab4.tlog\link.3420-rc.write.1.tlog
c:\users\pos\source\repos\oop\lab4\lab4\debug\lab4.tlog\link.3420.read.1.tlog
c:\users\pos\source\repos\oop\lab4\lab4\debug\lab4.tlog\link.3420.write.1.tlog
c:\users\pos\source\repos\oop\lab4\lab4\debug\lab4.tlog\link.command.1.tlog
c:\users\pos\source\repos\oop\lab4\lab4\debug\lab4.tlog\link.read.1.tlog
c:\users\pos\source\repos\oop\lab4\lab4\debug\lab4.tlog\link.write.1.tlog
